2025-01-27T00:02:44.127-08:00  INFO 68860 --- [Lavalink] [main] lavalink.server.Launcher                 : Starting Launcher v4.0.8 using Java 23.0.1 with PID 68860 (F:\coding_projects\Orpheus\bin\Debug\net9.0\LavaLink4Net\lavalink.jar started by amess in F:\coding_projects\Orpheus\bin\Debug\net9.0\LavaLink4Net)
2025-01-27T00:02:44.139-08:00  INFO 68860 --- [Lavalink] [main] lavalink.server.Launcher                 : No active profile set, falling back to 1 default profile: "default"
2025-01-27T00:02:45.217-08:00  INFO 68860 --- [Lavalink] [main] lavalink.server.Launcher                 : Started Launcher in 1.542 seconds (process running for 2.08)
2025-01-27T00:02:45.285-08:00  INFO 68860 --- [Lavalink] [main] lavalink.server.Launcher                 : 

[32m       .  [31m _                  _ _       _    [32m__ _ _
[32m      /\\ [31m| | __ ___   ____ _| (_)_ __ | | __[32m\ \ \ \
[32m     ( ( )[31m| |/ _` \ \ / / _` | | | '_ \| |/ /[32m \ \ \ \
[32m      \\/ [31m| | (_| |\ V / (_| | | | | | |   < [32m  ) ) ) )
[32m       '  [31m|_|\__,_| \_/ \__,_|_|_|_| |_|_|\_\[32m / / / /
[0m    =========================================[32m/_/_/_/[0m

	Version:        4.0.8
	Build time:     20.09.2024 20:20:10 UTC
	Branch          HEAD
	Commit:         2946608
	Commit time:    20.09.2024 20:17:58 UTC
	JVM:            23.0.1
	Lavaplayer      2.2.2

2025-01-27T00:02:45.300-08:00  INFO 68860 --- [Lavalink] [main] lavalink.server.Launcher                 : No active profile set, falling back to 1 default profile: "default"
2025-01-27T00:02:45.897-08:00  WARN 68860 --- [Lavalink] [main] io.undertow.websockets.jsr               : UT026010: Buffer pool was not set on WebSocketDeploymentInfo, the default pool will be used
2025-01-27T00:02:45.917-08:00  INFO 68860 --- [Lavalink] [main] io.undertow.servlet                      : Initializing Spring embedded WebApplicationContext
2025-01-27T00:02:45.919-08:00  INFO 68860 --- [Lavalink] [main] w.s.c.ServletWebServerApplicationContext : Root WebApplicationContext: initialization completed in 615 ms
2025-01-27T00:02:46.042-08:00  INFO 68860 --- [Lavalink] [main] c.s.d.l.tools.GarbageCollectionMonitor   : GC monitoring enabled, reporting results every 2 minutes.
2025-01-27T00:02:46.706-08:00  INFO 68860 --- [Lavalink] [main] l.server.config.KoeConfiguration         : OS: WINDOWS, Arch: X86_64
2025-01-27T00:02:46.706-08:00  INFO 68860 --- [Lavalink] [main] l.server.config.KoeConfiguration         : Enabling JDA-NAS
2025-01-27T00:02:46.709-08:00  INFO 68860 --- [Lavalink] [main] c.s.l.c.natives.NativeLibraryLoader      : Native library udpqueue: loading with filter null
2025-01-27T00:02:46.722-08:00  INFO 68860 --- [Lavalink] [main] c.s.l.c.natives.NativeLibraryLoader      : Native library udpqueue: successfully loaded.
2025-01-27T00:02:46.747-08:00  WARN 68860 --- [Lavalink] [main] l.server.config.SentryConfiguration      : Turning off sentry
2025-01-27T00:02:46.996-08:00  INFO 68860 --- [Lavalink] [main] io.undertow                              : starting server: Undertow - 2.3.13.Final
2025-01-27T00:02:47.004-08:00  INFO 68860 --- [Lavalink] [main] org.xnio                                 : XNIO version 3.8.8.Final
2025-01-27T00:02:47.011-08:00  INFO 68860 --- [Lavalink] [main] org.xnio.nio                             : XNIO NIO Implementation Version 3.8.8.Final
2025-01-27T00:02:47.108-08:00  INFO 68860 --- [Lavalink] [main] org.jboss.threads                        : JBoss Threads version 3.5.0.Final
2025-01-27T00:02:47.179-08:00  INFO 68860 --- [Lavalink] [main] o.s.b.w.e.undertow.UndertowWebServer     : Undertow started on port 2333 (http) with context path '/'
2025-01-27T00:02:47.184-08:00  INFO 68860 --- [Lavalink] [main] lavalink.server.Launcher                 : Started Launcher in 1.961 seconds (process running for 4.048)
2025-01-27T00:02:47.185-08:00  INFO 68860 --- [Lavalink] [main] lavalink.server.Launcher                 : Lavalink is ready to accept connections.
2025-01-27T00:03:59.862-08:00  INFO 89924 --- [Lavalink] [main] lavalink.server.Launcher                 : Starting Launcher v4.0.8 using Java 23.0.1 with PID 89924 (F:\coding_projects\Orpheus\bin\Debug\net9.0\LavaLink4Net\lavalink.jar started by amess in F:\coding_projects\Orpheus\bin\Debug\net9.0\LavaLink4Net)
2025-01-27T00:03:59.867-08:00  INFO 89924 --- [Lavalink] [main] lavalink.server.Launcher                 : No active profile set, falling back to 1 default profile: "default"
2025-01-27T00:04:00.910-08:00  INFO 89924 --- [Lavalink] [main] lavalink.server.Launcher                 : Started Launcher in 1.505 seconds (process running for 2.028)
2025-01-27T00:04:00.987-08:00  INFO 89924 --- [Lavalink] [main] lavalink.server.Launcher                 : 

[32m       .  [31m _                  _ _       _    [32m__ _ _
[32m      /\\ [31m| | __ ___   ____ _| (_)_ __ | | __[32m\ \ \ \
[32m     ( ( )[31m| |/ _` \ \ / / _` | | | '_ \| |/ /[32m \ \ \ \
[32m      \\/ [31m| | (_| |\ V / (_| | | | | | |   < [32m  ) ) ) )
[32m       '  [31m|_|\__,_| \_/ \__,_|_|_|_| |_|_|\_\[32m / / / /
[0m    =========================================[32m/_/_/_/[0m

	Version:        4.0.8
	Build time:     20.09.2024 20:20:10 UTC
	Branch          HEAD
	Commit:         2946608
	Commit time:    20.09.2024 20:17:58 UTC
	JVM:            23.0.1
	Lavaplayer      2.2.2

2025-01-27T00:04:01.001-08:00  INFO 89924 --- [Lavalink] [main] lavalink.server.Launcher                 : No active profile set, falling back to 1 default profile: "default"
2025-01-27T00:04:01.600-08:00  WARN 89924 --- [Lavalink] [main] io.undertow.websockets.jsr               : UT026010: Buffer pool was not set on WebSocketDeploymentInfo, the default pool will be used
2025-01-27T00:04:01.618-08:00  INFO 89924 --- [Lavalink] [main] io.undertow.servlet                      : Initializing Spring embedded WebApplicationContext
2025-01-27T00:04:01.619-08:00  INFO 89924 --- [Lavalink] [main] w.s.c.ServletWebServerApplicationContext : Root WebApplicationContext: initialization completed in 615 ms
2025-01-27T00:04:01.729-08:00  INFO 89924 --- [Lavalink] [main] c.s.d.l.tools.GarbageCollectionMonitor   : GC monitoring enabled, reporting results every 2 minutes.
2025-01-27T00:04:02.344-08:00  INFO 89924 --- [Lavalink] [main] l.server.config.KoeConfiguration         : OS: WINDOWS, Arch: X86_64
2025-01-27T00:04:02.345-08:00  INFO 89924 --- [Lavalink] [main] l.server.config.KoeConfiguration         : Enabling JDA-NAS
2025-01-27T00:04:02.347-08:00  INFO 89924 --- [Lavalink] [main] c.s.l.c.natives.NativeLibraryLoader      : Native library udpqueue: loading with filter null
2025-01-27T00:04:02.351-08:00  INFO 89924 --- [Lavalink] [main] c.s.l.c.natives.NativeLibraryLoader      : Native library udpqueue: successfully loaded.
2025-01-27T00:04:02.379-08:00  WARN 89924 --- [Lavalink] [main] l.server.config.SentryConfiguration      : Turning off sentry
2025-01-27T00:04:02.632-08:00  INFO 89924 --- [Lavalink] [main] io.undertow                              : starting server: Undertow - 2.3.13.Final
2025-01-27T00:04:02.639-08:00  INFO 89924 --- [Lavalink] [main] org.xnio                                 : XNIO version 3.8.8.Final
2025-01-27T00:04:02.647-08:00  INFO 89924 --- [Lavalink] [main] org.xnio.nio                             : XNIO NIO Implementation Version 3.8.8.Final
2025-01-27T00:04:02.741-08:00  INFO 89924 --- [Lavalink] [main] org.jboss.threads                        : JBoss Threads version 3.5.0.Final
2025-01-27T00:04:02.810-08:00  INFO 89924 --- [Lavalink] [main] o.s.b.w.e.undertow.UndertowWebServer     : Undertow started on port 2333 (http) with context path '/'
2025-01-27T00:04:02.815-08:00  INFO 89924 --- [Lavalink] [main] lavalink.server.Launcher                 : Started Launcher in 1.899 seconds (process running for 3.933)
2025-01-27T00:04:02.816-08:00  INFO 89924 --- [Lavalink] [main] lavalink.server.Launcher                 : Lavalink is ready to accept connections.
2025-01-27T00:04:55.853-08:00  INFO 89512 --- [Lavalink] [main] lavalink.server.Launcher                 : Starting Launcher v4.0.8 using Java 23.0.1 with PID 89512 (F:\coding_projects\Orpheus\bin\Debug\net9.0\LavaLink4Net\lavalink.jar started by amess in F:\coding_projects\Orpheus\bin\Debug\net9.0\LavaLink4Net)
2025-01-27T00:04:55.857-08:00  INFO 89512 --- [Lavalink] [main] lavalink.server.Launcher                 : No active profile set, falling back to 1 default profile: "default"
2025-01-27T00:04:56.845-08:00  INFO 89512 --- [Lavalink] [main] lavalink.server.Launcher                 : Started Launcher in 1.42 seconds (process running for 1.949)
2025-01-27T00:04:56.916-08:00  INFO 89512 --- [Lavalink] [main] lavalink.server.Launcher                 : 

[32m       .  [31m _                  _ _       _    [32m__ _ _
[32m      /\\ [31m| | __ ___   ____ _| (_)_ __ | | __[32m\ \ \ \
[32m     ( ( )[31m| |/ _` \ \ / / _` | | | '_ \| |/ /[32m \ \ \ \
[32m      \\/ [31m| | (_| |\ V / (_| | | | | | |   < [32m  ) ) ) )
[32m       '  [31m|_|\__,_| \_/ \__,_|_|_|_| |_|_|\_\[32m / / / /
[0m    =========================================[32m/_/_/_/[0m

	Version:        4.0.8
	Build time:     20.09.2024 20:20:10 UTC
	Branch          HEAD
	Commit:         2946608
	Commit time:    20.09.2024 20:17:58 UTC
	JVM:            23.0.1
	Lavaplayer      2.2.2

2025-01-27T00:04:56.927-08:00  INFO 89512 --- [Lavalink] [main] lavalink.server.Launcher                 : No active profile set, falling back to 1 default profile: "default"
2025-01-27T00:04:57.500-08:00  WARN 89512 --- [Lavalink] [main] io.undertow.websockets.jsr               : UT026010: Buffer pool was not set on WebSocketDeploymentInfo, the default pool will be used
2025-01-27T00:04:57.520-08:00  INFO 89512 --- [Lavalink] [main] io.undertow.servlet                      : Initializing Spring embedded WebApplicationContext
2025-01-27T00:04:57.520-08:00  INFO 89512 --- [Lavalink] [main] w.s.c.ServletWebServerApplicationContext : Root WebApplicationContext: initialization completed in 589 ms
2025-01-27T00:04:57.627-08:00  INFO 89512 --- [Lavalink] [main] c.s.d.l.tools.GarbageCollectionMonitor   : GC monitoring enabled, reporting results every 2 minutes.
2025-01-27T00:04:58.237-08:00  INFO 89512 --- [Lavalink] [main] l.server.config.KoeConfiguration         : OS: WINDOWS, Arch: X86_64
2025-01-27T00:04:58.237-08:00  INFO 89512 --- [Lavalink] [main] l.server.config.KoeConfiguration         : Enabling JDA-NAS
2025-01-27T00:04:58.240-08:00  INFO 89512 --- [Lavalink] [main] c.s.l.c.natives.NativeLibraryLoader      : Native library udpqueue: loading with filter null
2025-01-27T00:04:58.245-08:00  INFO 89512 --- [Lavalink] [main] c.s.l.c.natives.NativeLibraryLoader      : Native library udpqueue: successfully loaded.
2025-01-27T00:04:58.273-08:00  WARN 89512 --- [Lavalink] [main] l.server.config.SentryConfiguration      : Turning off sentry
2025-01-27T00:04:58.542-08:00  INFO 89512 --- [Lavalink] [main] io.undertow                              : starting server: Undertow - 2.3.13.Final
2025-01-27T00:04:58.549-08:00  INFO 89512 --- [Lavalink] [main] org.xnio                                 : XNIO version 3.8.8.Final
2025-01-27T00:04:58.557-08:00  INFO 89512 --- [Lavalink] [main] org.xnio.nio                             : XNIO NIO Implementation Version 3.8.8.Final
2025-01-27T00:04:58.642-08:00  INFO 89512 --- [Lavalink] [main] org.jboss.threads                        : JBoss Threads version 3.5.0.Final
2025-01-27T00:04:58.708-08:00  INFO 89512 --- [Lavalink] [main] io.undertow                              : stopping server: Undertow - 2.3.13.Final
2025-01-27T00:04:58.710-08:00  WARN 89512 --- [Lavalink] [main] ConfigServletWebServerApplicationContext : Exception encountered during context initialization - cancelling refresh attempt: org.springframework.context.ApplicationContextException: Failed to start bean 'webServerStartStop'
2025-01-27T00:04:58.711-08:00  INFO 89512 --- [Lavalink] [main] c.s.d.l.tools.GarbageCollectionMonitor   : GC monitoring disabled.
2025-01-27T00:04:58.714-08:00 ERROR 89512 --- [Lavalink] [main] lavalink.server.Launcher                 : Application failed

org.springframework.context.ApplicationContextException: Failed to start bean 'webServerStartStop'
	at org.springframework.context.support.DefaultLifecycleProcessor.doStart(DefaultLifecycleProcessor.java:288) ~[spring-context-6.1.9.jar!/:6.1.9]
	at org.springframework.context.support.DefaultLifecycleProcessor$LifecycleGroup.start(DefaultLifecycleProcessor.java:469) ~[spring-context-6.1.9.jar!/:6.1.9]
	at java.base/java.lang.Iterable.forEach(Iterable.java:75) ~[na:na]
	at org.springframework.context.support.DefaultLifecycleProcessor.startBeans(DefaultLifecycleProcessor.java:257) ~[spring-context-6.1.9.jar!/:6.1.9]
	at org.springframework.context.support.DefaultLifecycleProcessor.onRefresh(DefaultLifecycleProcessor.java:202) ~[spring-context-6.1.9.jar!/:6.1.9]
	at org.springframework.context.support.AbstractApplicationContext.finishRefresh(AbstractApplicationContext.java:981) ~[spring-context-6.1.9.jar!/:6.1.9]
	at org.springframework.context.support.AbstractApplicationContext.refresh(AbstractApplicationContext.java:627) ~[spring-context-6.1.9.jar!/:6.1.9]
	at org.springframework.boot.web.servlet.context.ServletWebServerApplicationContext.refresh(ServletWebServerApplicationContext.java:146) ~[spring-boot-3.3.0.jar!/:3.3.0]
	at org.springframework.boot.SpringApplication.refresh(SpringApplication.java:754) ~[spring-boot-3.3.0.jar!/:3.3.0]
	at org.springframework.boot.SpringApplication.refreshContext(SpringApplication.java:456) ~[spring-boot-3.3.0.jar!/:3.3.0]
	at org.springframework.boot.SpringApplication.run(SpringApplication.java:335) ~[spring-boot-3.3.0.jar!/:3.3.0]
	at org.springframework.boot.builder.SpringApplicationBuilder.run(SpringApplicationBuilder.java:149) ~[spring-boot-3.3.0.jar!/:3.3.0]
	at lavalink.server.Launcher.launchMain(Launcher.kt:164) ~[classes!/:4.0.8]
	at lavalink.server.Launcher.main(Launcher.kt:126) ~[classes!/:4.0.8]
	at java.base/jdk.internal.reflect.DirectMethodHandleAccessor.invoke(DirectMethodHandleAccessor.java:103) ~[na:na]
	at java.base/java.lang.reflect.Method.invoke(Method.java:580) ~[na:na]
	at org.springframework.boot.loader.MainMethodRunner.run(MainMethodRunner.java:49) ~[lavalink.jar:4.0.8]
	at org.springframework.boot.loader.Launcher.launch(Launcher.java:95) ~[lavalink.jar:4.0.8]
	at org.springframework.boot.loader.Launcher.launch(Launcher.java:58) ~[lavalink.jar:4.0.8]
	at org.springframework.boot.loader.JarLauncher.main(JarLauncher.java:65) ~[lavalink.jar:4.0.8]
Caused by: org.springframework.boot.web.server.PortInUseException: Port 2333 is already in use
	at org.springframework.boot.web.embedded.undertow.UndertowWebServer.lambda$start$0(UndertowWebServer.java:129) ~[spring-boot-3.3.0.jar!/:3.3.0]
	at org.springframework.boot.web.server.PortInUseException.lambda$ifPortBindingException$1(PortInUseException.java:85) ~[spring-boot-3.3.0.jar!/:3.3.0]
	at org.springframework.boot.web.server.PortInUseException.ifCausedBy(PortInUseException.java:103) ~[spring-boot-3.3.0.jar!/:3.3.0]
	at org.springframework.boot.web.server.PortInUseException.ifPortBindingException(PortInUseException.java:82) ~[spring-boot-3.3.0.jar!/:3.3.0]
	at org.springframework.boot.web.embedded.undertow.UndertowWebServer.start(UndertowWebServer.java:125) ~[spring-boot-3.3.0.jar!/:3.3.0]
	at org.springframework.boot.web.servlet.context.WebServerStartStopLifecycle.start(WebServerStartStopLifecycle.java:44) ~[spring-boot-3.3.0.jar!/:3.3.0]
	at org.springframework.context.support.DefaultLifecycleProcessor.doStart(DefaultLifecycleProcessor.java:285) ~[spring-context-6.1.9.jar!/:6.1.9]
	... 19 common frames omitted

2025-01-27T00:04:58.719-08:00  INFO 89512 --- [Lavalink] [main] .s.b.a.l.ConditionEvaluationReportLogger : 

Error starting ApplicationContext. To display the condition evaluation report re-run your application with 'debug' enabled.
2025-01-27T00:04:58.733-08:00 ERROR 89512 --- [Lavalink] [main] o.s.b.d.LoggingFailureAnalysisReporter   : 

***************************
APPLICATION FAILED TO START
***************************

Description:

Web server failed to start. Port 2333 was already in use.

Action:

Identify and stop the process that's listening on port 2333 or configure this application to listen on another port.

2025-01-27T00:05:57.758-08:00  INFO 90120 --- [Lavalink] [main] lavalink.server.Launcher                 : Starting Launcher v4.0.8 using Java 23.0.1 with PID 90120 (F:\coding_projects\Orpheus\bin\Debug\net9.0\LavaLink4Net\lavalink.jar started by amess in F:\coding_projects\Orpheus\bin\Debug\net9.0\LavaLink4Net)
2025-01-27T00:05:57.762-08:00  INFO 90120 --- [Lavalink] [main] lavalink.server.Launcher                 : No active profile set, falling back to 1 default profile: "default"
2025-01-27T00:05:58.805-08:00  INFO 90120 --- [Lavalink] [main] lavalink.server.Launcher                 : Started Launcher in 1.482 seconds (process running for 1.997)
2025-01-27T00:05:58.867-08:00  INFO 90120 --- [Lavalink] [main] lavalink.server.Launcher                 : 

[32m       .  [31m _                  _ _       _    [32m__ _ _
[32m      /\\ [31m| | __ ___   ____ _| (_)_ __ | | __[32m\ \ \ \
[32m     ( ( )[31m| |/ _` \ \ / / _` | | | '_ \| |/ /[32m \ \ \ \
[32m      \\/ [31m| | (_| |\ V / (_| | | | | | |   < [32m  ) ) ) )
[32m       '  [31m|_|\__,_| \_/ \__,_|_|_|_| |_|_|\_\[32m / / / /
[0m    =========================================[32m/_/_/_/[0m

	Version:        4.0.8
	Build time:     20.09.2024 20:20:10 UTC
	Branch          HEAD
	Commit:         2946608
	Commit time:    20.09.2024 20:17:58 UTC
	JVM:            23.0.1
	Lavaplayer      2.2.2

2025-01-27T00:05:58.875-08:00  INFO 90120 --- [Lavalink] [main] lavalink.server.Launcher                 : No active profile set, falling back to 1 default profile: "default"
2025-01-27T00:05:59.414-08:00  WARN 90120 --- [Lavalink] [main] io.undertow.websockets.jsr               : UT026010: Buffer pool was not set on WebSocketDeploymentInfo, the default pool will be used
2025-01-27T00:05:59.435-08:00  INFO 90120 --- [Lavalink] [main] io.undertow.servlet                      : Initializing Spring embedded WebApplicationContext
2025-01-27T00:05:59.436-08:00  INFO 90120 --- [Lavalink] [main] w.s.c.ServletWebServerApplicationContext : Root WebApplicationContext: initialization completed in 557 ms
2025-01-27T00:05:59.540-08:00  INFO 90120 --- [Lavalink] [main] c.s.d.l.tools.GarbageCollectionMonitor   : GC monitoring enabled, reporting results every 2 minutes.
2025-01-27T00:06:00.219-08:00  INFO 90120 --- [Lavalink] [main] l.server.config.KoeConfiguration         : OS: WINDOWS, Arch: X86_64
2025-01-27T00:06:00.219-08:00  INFO 90120 --- [Lavalink] [main] l.server.config.KoeConfiguration         : Enabling JDA-NAS
2025-01-27T00:06:00.223-08:00  INFO 90120 --- [Lavalink] [main] c.s.l.c.natives.NativeLibraryLoader      : Native library udpqueue: loading with filter null
2025-01-27T00:06:00.228-08:00  INFO 90120 --- [Lavalink] [main] c.s.l.c.natives.NativeLibraryLoader      : Native library udpqueue: successfully loaded.
2025-01-27T00:06:00.257-08:00  WARN 90120 --- [Lavalink] [main] l.server.config.SentryConfiguration      : Turning off sentry
2025-01-27T00:06:00.496-08:00  INFO 90120 --- [Lavalink] [main] io.undertow                              : starting server: Undertow - 2.3.13.Final
2025-01-27T00:06:00.505-08:00  INFO 90120 --- [Lavalink] [main] org.xnio                                 : XNIO version 3.8.8.Final
2025-01-27T00:06:00.512-08:00  INFO 90120 --- [Lavalink] [main] org.xnio.nio                             : XNIO NIO Implementation Version 3.8.8.Final
2025-01-27T00:06:00.599-08:00  INFO 90120 --- [Lavalink] [main] org.jboss.threads                        : JBoss Threads version 3.5.0.Final
2025-01-27T00:06:00.667-08:00  INFO 90120 --- [Lavalink] [main] o.s.b.w.e.undertow.UndertowWebServer     : Undertow started on port 2333 (http) with context path '/'
2025-01-27T00:06:00.671-08:00  INFO 90120 --- [Lavalink] [main] lavalink.server.Launcher                 : Started Launcher in 1.86 seconds (process running for 3.864)
2025-01-27T00:06:00.672-08:00  INFO 90120 --- [Lavalink] [main] lavalink.server.Launcher                 : Lavalink is ready to accept connections.
2025-01-27T00:07:15.135-08:00  INFO 90600 --- [Lavalink] [main] lavalink.server.Launcher                 : Starting Launcher v4.0.8 using Java 23.0.1 with PID 90600 (F:\coding_projects\Orpheus\bin\Debug\net9.0\LavaLink4Net\lavalink.jar started by amess in F:\coding_projects\Orpheus\bin\Debug\net9.0\LavaLink4Net)
2025-01-27T00:07:15.139-08:00  INFO 90600 --- [Lavalink] [main] lavalink.server.Launcher                 : No active profile set, falling back to 1 default profile: "default"
2025-01-27T00:07:16.081-08:00  INFO 90600 --- [Lavalink] [main] lavalink.server.Launcher                 : Started Launcher in 1.364 seconds (process running for 1.902)
2025-01-27T00:07:16.148-08:00  INFO 90600 --- [Lavalink] [main] lavalink.server.Launcher                 : 

[32m       .  [31m _                  _ _       _    [32m__ _ _
[32m      /\\ [31m| | __ ___   ____ _| (_)_ __ | | __[32m\ \ \ \
[32m     ( ( )[31m| |/ _` \ \ / / _` | | | '_ \| |/ /[32m \ \ \ \
[32m      \\/ [31m| | (_| |\ V / (_| | | | | | |   < [32m  ) ) ) )
[32m       '  [31m|_|\__,_| \_/ \__,_|_|_|_| |_|_|\_\[32m / / / /
[0m    =========================================[32m/_/_/_/[0m

	Version:        4.0.8
	Build time:     20.09.2024 20:20:10 UTC
	Branch          HEAD
	Commit:         2946608
	Commit time:    20.09.2024 20:17:58 UTC
	JVM:            23.0.1
	Lavaplayer      2.2.2

2025-01-27T00:07:16.159-08:00  INFO 90600 --- [Lavalink] [main] lavalink.server.Launcher                 : No active profile set, falling back to 1 default profile: "default"
2025-01-27T00:07:16.715-08:00  WARN 90600 --- [Lavalink] [main] io.undertow.websockets.jsr               : UT026010: Buffer pool was not set on WebSocketDeploymentInfo, the default pool will be used
2025-01-27T00:07:16.735-08:00  INFO 90600 --- [Lavalink] [main] io.undertow.servlet                      : Initializing Spring embedded WebApplicationContext
2025-01-27T00:07:16.736-08:00  INFO 90600 --- [Lavalink] [main] w.s.c.ServletWebServerApplicationContext : Root WebApplicationContext: initialization completed in 573 ms
2025-01-27T00:07:16.863-08:00  INFO 90600 --- [Lavalink] [main] c.s.d.l.tools.GarbageCollectionMonitor   : GC monitoring enabled, reporting results every 2 minutes.
2025-01-27T00:07:17.459-08:00  INFO 90600 --- [Lavalink] [main] l.server.config.KoeConfiguration         : OS: WINDOWS, Arch: X86_64
2025-01-27T00:07:17.460-08:00  INFO 90600 --- [Lavalink] [main] l.server.config.KoeConfiguration         : Enabling JDA-NAS
2025-01-27T00:07:17.463-08:00  INFO 90600 --- [Lavalink] [main] c.s.l.c.natives.NativeLibraryLoader      : Native library udpqueue: loading with filter null
2025-01-27T00:07:17.468-08:00  INFO 90600 --- [Lavalink] [main] c.s.l.c.natives.NativeLibraryLoader      : Native library udpqueue: successfully loaded.
2025-01-27T00:07:17.493-08:00  WARN 90600 --- [Lavalink] [main] l.server.config.SentryConfiguration      : Turning off sentry
2025-01-27T00:07:17.759-08:00  INFO 90600 --- [Lavalink] [main] io.undertow                              : starting server: Undertow - 2.3.13.Final
2025-01-27T00:07:17.769-08:00  INFO 90600 --- [Lavalink] [main] org.xnio                                 : XNIO version 3.8.8.Final
2025-01-27T00:07:17.777-08:00  INFO 90600 --- [Lavalink] [main] org.xnio.nio                             : XNIO NIO Implementation Version 3.8.8.Final
2025-01-27T00:07:17.875-08:00  INFO 90600 --- [Lavalink] [main] org.jboss.threads                        : JBoss Threads version 3.5.0.Final
2025-01-27T00:07:17.942-08:00  INFO 90600 --- [Lavalink] [main] io.undertow                              : stopping server: Undertow - 2.3.13.Final
2025-01-27T00:07:17.944-08:00  WARN 90600 --- [Lavalink] [main] ConfigServletWebServerApplicationContext : Exception encountered during context initialization - cancelling refresh attempt: org.springframework.context.ApplicationContextException: Failed to start bean 'webServerStartStop'
2025-01-27T00:07:17.945-08:00  INFO 90600 --- [Lavalink] [main] c.s.d.l.tools.GarbageCollectionMonitor   : GC monitoring disabled.
2025-01-27T00:07:17.948-08:00 ERROR 90600 --- [Lavalink] [main] lavalink.server.Launcher                 : Application failed

org.springframework.context.ApplicationContextException: Failed to start bean 'webServerStartStop'
	at org.springframework.context.support.DefaultLifecycleProcessor.doStart(DefaultLifecycleProcessor.java:288) ~[spring-context-6.1.9.jar!/:6.1.9]
	at org.springframework.context.support.DefaultLifecycleProcessor$LifecycleGroup.start(DefaultLifecycleProcessor.java:469) ~[spring-context-6.1.9.jar!/:6.1.9]
	at java.base/java.lang.Iterable.forEach(Iterable.java:75) ~[na:na]
	at org.springframework.context.support.DefaultLifecycleProcessor.startBeans(DefaultLifecycleProcessor.java:257) ~[spring-context-6.1.9.jar!/:6.1.9]
	at org.springframework.context.support.DefaultLifecycleProcessor.onRefresh(DefaultLifecycleProcessor.java:202) ~[spring-context-6.1.9.jar!/:6.1.9]
	at org.springframework.context.support.AbstractApplicationContext.finishRefresh(AbstractApplicationContext.java:981) ~[spring-context-6.1.9.jar!/:6.1.9]
	at org.springframework.context.support.AbstractApplicationContext.refresh(AbstractApplicationContext.java:627) ~[spring-context-6.1.9.jar!/:6.1.9]
	at org.springframework.boot.web.servlet.context.ServletWebServerApplicationContext.refresh(ServletWebServerApplicationContext.java:146) ~[spring-boot-3.3.0.jar!/:3.3.0]
	at org.springframework.boot.SpringApplication.refresh(SpringApplication.java:754) ~[spring-boot-3.3.0.jar!/:3.3.0]
	at org.springframework.boot.SpringApplication.refreshContext(SpringApplication.java:456) ~[spring-boot-3.3.0.jar!/:3.3.0]
	at org.springframework.boot.SpringApplication.run(SpringApplication.java:335) ~[spring-boot-3.3.0.jar!/:3.3.0]
	at org.springframework.boot.builder.SpringApplicationBuilder.run(SpringApplicationBuilder.java:149) ~[spring-boot-3.3.0.jar!/:3.3.0]
	at lavalink.server.Launcher.launchMain(Launcher.kt:164) ~[classes!/:4.0.8]
	at lavalink.server.Launcher.main(Launcher.kt:126) ~[classes!/:4.0.8]
	at java.base/jdk.internal.reflect.DirectMethodHandleAccessor.invoke(DirectMethodHandleAccessor.java:103) ~[na:na]
	at java.base/java.lang.reflect.Method.invoke(Method.java:580) ~[na:na]
	at org.springframework.boot.loader.MainMethodRunner.run(MainMethodRunner.java:49) ~[lavalink.jar:4.0.8]
	at org.springframework.boot.loader.Launcher.launch(Launcher.java:95) ~[lavalink.jar:4.0.8]
	at org.springframework.boot.loader.Launcher.launch(Launcher.java:58) ~[lavalink.jar:4.0.8]
	at org.springframework.boot.loader.JarLauncher.main(JarLauncher.java:65) ~[lavalink.jar:4.0.8]
Caused by: org.springframework.boot.web.server.PortInUseException: Port 2333 is already in use
	at org.springframework.boot.web.embedded.undertow.UndertowWebServer.lambda$start$0(UndertowWebServer.java:129) ~[spring-boot-3.3.0.jar!/:3.3.0]
	at org.springframework.boot.web.server.PortInUseException.lambda$ifPortBindingException$1(PortInUseException.java:85) ~[spring-boot-3.3.0.jar!/:3.3.0]
	at org.springframework.boot.web.server.PortInUseException.ifCausedBy(PortInUseException.java:103) ~[spring-boot-3.3.0.jar!/:3.3.0]
	at org.springframework.boot.web.server.PortInUseException.ifPortBindingException(PortInUseException.java:82) ~[spring-boot-3.3.0.jar!/:3.3.0]
	at org.springframework.boot.web.embedded.undertow.UndertowWebServer.start(UndertowWebServer.java:125) ~[spring-boot-3.3.0.jar!/:3.3.0]
	at org.springframework.boot.web.servlet.context.WebServerStartStopLifecycle.start(WebServerStartStopLifecycle.java:44) ~[spring-boot-3.3.0.jar!/:3.3.0]
	at org.springframework.context.support.DefaultLifecycleProcessor.doStart(DefaultLifecycleProcessor.java:285) ~[spring-context-6.1.9.jar!/:6.1.9]
	... 19 common frames omitted

2025-01-27T00:07:17.952-08:00  INFO 90600 --- [Lavalink] [main] .s.b.a.l.ConditionEvaluationReportLogger : 

Error starting ApplicationContext. To display the condition evaluation report re-run your application with 'debug' enabled.
2025-01-27T00:07:17.967-08:00 ERROR 90600 --- [Lavalink] [main] o.s.b.d.LoggingFailureAnalysisReporter   : 

***************************
APPLICATION FAILED TO START
***************************

Description:

Web server failed to start. Port 2333 was already in use.

Action:

Identify and stop the process that's listening on port 2333 or configure this application to listen on another port.

2025-01-27T00:10:03.061-08:00  INFO 71716 --- [Lavalink] [main] lavalink.server.Launcher                 : Starting Launcher v4.0.8 using Java 23.0.1 with PID 71716 (F:\coding_projects\Orpheus\bin\Debug\net9.0\LavaLink4Net\lavalink.jar started by amess in F:\coding_projects\Orpheus\bin\Debug\net9.0\LavaLink4Net)
2025-01-27T00:10:03.066-08:00  INFO 71716 --- [Lavalink] [main] lavalink.server.Launcher                 : No active profile set, falling back to 1 default profile: "default"
2025-01-27T00:10:04.069-08:00  INFO 71716 --- [Lavalink] [main] lavalink.server.Launcher                 : Started Launcher in 1.457 seconds (process running for 2.0)
2025-01-27T00:10:04.143-08:00  INFO 71716 --- [Lavalink] [main] lavalink.server.Launcher                 : 

[32m       .  [31m _                  _ _       _    [32m__ _ _
[32m      /\\ [31m| | __ ___   ____ _| (_)_ __ | | __[32m\ \ \ \
[32m     ( ( )[31m| |/ _` \ \ / / _` | | | '_ \| |/ /[32m \ \ \ \
[32m      \\/ [31m| | (_| |\ V / (_| | | | | | |   < [32m  ) ) ) )
[32m       '  [31m|_|\__,_| \_/ \__,_|_|_|_| |_|_|\_\[32m / / / /
[0m    =========================================[32m/_/_/_/[0m

	Version:        4.0.8
	Build time:     20.09.2024 20:20:10 UTC
	Branch          HEAD
	Commit:         2946608
	Commit time:    20.09.2024 20:17:58 UTC
	JVM:            23.0.1
	Lavaplayer      2.2.2

2025-01-27T00:10:04.155-08:00  INFO 71716 --- [Lavalink] [main] lavalink.server.Launcher                 : No active profile set, falling back to 1 default profile: "default"
2025-01-27T00:10:04.763-08:00  WARN 71716 --- [Lavalink] [main] io.undertow.websockets.jsr               : UT026010: Buffer pool was not set on WebSocketDeploymentInfo, the default pool will be used
2025-01-27T00:10:04.786-08:00  INFO 71716 --- [Lavalink] [main] io.undertow.servlet                      : Initializing Spring embedded WebApplicationContext
2025-01-27T00:10:04.787-08:00  INFO 71716 --- [Lavalink] [main] w.s.c.ServletWebServerApplicationContext : Root WebApplicationContext: initialization completed in 629 ms
2025-01-27T00:10:04.894-08:00  INFO 71716 --- [Lavalink] [main] c.s.d.l.tools.GarbageCollectionMonitor   : GC monitoring enabled, reporting results every 2 minutes.
2025-01-27T00:10:05.516-08:00  INFO 71716 --- [Lavalink] [main] l.server.config.KoeConfiguration         : OS: WINDOWS, Arch: X86_64
2025-01-27T00:10:05.516-08:00  INFO 71716 --- [Lavalink] [main] l.server.config.KoeConfiguration         : Enabling JDA-NAS
2025-01-27T00:10:05.518-08:00  INFO 71716 --- [Lavalink] [main] c.s.l.c.natives.NativeLibraryLoader      : Native library udpqueue: loading with filter null
2025-01-27T00:10:05.531-08:00  INFO 71716 --- [Lavalink] [main] c.s.l.c.natives.NativeLibraryLoader      : Native library udpqueue: successfully loaded.
2025-01-27T00:10:05.561-08:00  WARN 71716 --- [Lavalink] [main] l.server.config.SentryConfiguration      : Turning off sentry
2025-01-27T00:10:05.814-08:00  INFO 71716 --- [Lavalink] [main] io.undertow                              : starting server: Undertow - 2.3.13.Final
2025-01-27T00:10:05.822-08:00  INFO 71716 --- [Lavalink] [main] org.xnio                                 : XNIO version 3.8.8.Final
2025-01-27T00:10:05.831-08:00  INFO 71716 --- [Lavalink] [main] org.xnio.nio                             : XNIO NIO Implementation Version 3.8.8.Final
2025-01-27T00:10:05.928-08:00  INFO 71716 --- [Lavalink] [main] org.jboss.threads                        : JBoss Threads version 3.5.0.Final
2025-01-27T00:10:06.002-08:00  INFO 71716 --- [Lavalink] [main] o.s.b.w.e.undertow.UndertowWebServer     : Undertow started on port 2333 (http) with context path '/'
2025-01-27T00:10:06.006-08:00  INFO 71716 --- [Lavalink] [main] lavalink.server.Launcher                 : Started Launcher in 1.927 seconds (process running for 3.938)
2025-01-27T00:10:06.007-08:00  INFO 71716 --- [Lavalink] [main] lavalink.server.Launcher                 : Lavalink is ready to accept connections.
2025-01-27T00:23:42.452-08:00  INFO 83860 --- [Lavalink] [main] lavalink.server.Launcher                 : Starting Launcher v4.0.8 using Java 23.0.1 with PID 83860 (F:\coding_projects\Orpheus\bin\Debug\net9.0\LavaLink4Net\lavalink.jar started by amess in F:\coding_projects\Orpheus\bin\Debug\net9.0\LavaLink4Net)
2025-01-27T00:23:42.456-08:00  INFO 83860 --- [Lavalink] [main] lavalink.server.Launcher                 : No active profile set, falling back to 1 default profile: "default"
2025-01-27T00:23:43.459-08:00  INFO 83860 --- [Lavalink] [main] lavalink.server.Launcher                 : Started Launcher in 1.442 seconds (process running for 1.963)
2025-01-27T00:23:43.525-08:00  INFO 83860 --- [Lavalink] [main] lavalink.server.Launcher                 : 

[32m       .  [31m _                  _ _       _    [32m__ _ _
[32m      /\\ [31m| | __ ___   ____ _| (_)_ __ | | __[32m\ \ \ \
[32m     ( ( )[31m| |/ _` \ \ / / _` | | | '_ \| |/ /[32m \ \ \ \
[32m      \\/ [31m| | (_| |\ V / (_| | | | | | |   < [32m  ) ) ) )
[32m       '  [31m|_|\__,_| \_/ \__,_|_|_|_| |_|_|\_\[32m / / / /
[0m    =========================================[32m/_/_/_/[0m

	Version:        4.0.8
	Build time:     20.09.2024 20:20:10 UTC
	Branch          HEAD
	Commit:         2946608
	Commit time:    20.09.2024 20:17:58 UTC
	JVM:            23.0.1
	Lavaplayer      2.2.2

2025-01-27T00:23:43.535-08:00  INFO 83860 --- [Lavalink] [main] lavalink.server.Launcher                 : No active profile set, falling back to 1 default profile: "default"
2025-01-27T00:23:44.117-08:00  WARN 83860 --- [Lavalink] [main] io.undertow.websockets.jsr               : UT026010: Buffer pool was not set on WebSocketDeploymentInfo, the default pool will be used
2025-01-27T00:23:44.140-08:00  INFO 83860 --- [Lavalink] [main] io.undertow.servlet                      : Initializing Spring embedded WebApplicationContext
2025-01-27T00:23:44.140-08:00  INFO 83860 --- [Lavalink] [main] w.s.c.ServletWebServerApplicationContext : Root WebApplicationContext: initialization completed in 602 ms
2025-01-27T00:23:44.269-08:00  INFO 83860 --- [Lavalink] [main] c.s.d.l.tools.GarbageCollectionMonitor   : GC monitoring enabled, reporting results every 2 minutes.
2025-01-27T00:23:44.885-08:00  INFO 83860 --- [Lavalink] [main] l.server.config.KoeConfiguration         : OS: WINDOWS, Arch: X86_64
2025-01-27T00:23:44.885-08:00  INFO 83860 --- [Lavalink] [main] l.server.config.KoeConfiguration         : Enabling JDA-NAS
2025-01-27T00:23:44.888-08:00  INFO 83860 --- [Lavalink] [main] c.s.l.c.natives.NativeLibraryLoader      : Native library udpqueue: loading with filter null
2025-01-27T00:23:44.902-08:00  INFO 83860 --- [Lavalink] [main] c.s.l.c.natives.NativeLibraryLoader      : Native library udpqueue: successfully loaded.
2025-01-27T00:23:44.934-08:00  WARN 83860 --- [Lavalink] [main] l.server.config.SentryConfiguration      : Turning off sentry
2025-01-27T00:23:45.187-08:00  INFO 83860 --- [Lavalink] [main] io.undertow                              : starting server: Undertow - 2.3.13.Final
2025-01-27T00:23:45.198-08:00  INFO 83860 --- [Lavalink] [main] org.xnio                                 : XNIO version 3.8.8.Final
2025-01-27T00:23:45.205-08:00  INFO 83860 --- [Lavalink] [main] org.xnio.nio                             : XNIO NIO Implementation Version 3.8.8.Final
2025-01-27T00:23:45.303-08:00  INFO 83860 --- [Lavalink] [main] org.jboss.threads                        : JBoss Threads version 3.5.0.Final
2025-01-27T00:23:45.391-08:00  INFO 83860 --- [Lavalink] [main] o.s.b.w.e.undertow.UndertowWebServer     : Undertow started on port 2333 (http) with context path '/'
2025-01-27T00:23:45.397-08:00  INFO 83860 --- [Lavalink] [main] lavalink.server.Launcher                 : Started Launcher in 1.933 seconds (process running for 3.901)
2025-01-27T00:23:45.398-08:00  INFO 83860 --- [Lavalink] [main] lavalink.server.Launcher                 : Lavalink is ready to accept connections.
2025-01-27T00:25:44.574-08:00  INFO 87440 --- [Lavalink] [main] lavalink.server.Launcher                 : Starting Launcher v4.0.8 using Java 23.0.1 with PID 87440 (F:\coding_projects\Orpheus\bin\Debug\net9.0\LavaLink4Net\lavalink.jar started by amess in F:\coding_projects\Orpheus\bin\Debug\net9.0\LavaLink4Net)
2025-01-27T00:25:44.579-08:00  INFO 87440 --- [Lavalink] [main] lavalink.server.Launcher                 : No active profile set, falling back to 1 default profile: "default"
2025-01-27T00:25:45.652-08:00  INFO 87440 --- [Lavalink] [main] lavalink.server.Launcher                 : Started Launcher in 1.526 seconds (process running for 2.075)
2025-01-27T00:25:45.734-08:00  INFO 87440 --- [Lavalink] [main] lavalink.server.Launcher                 : 

[32m       .  [31m _                  _ _       _    [32m__ _ _
[32m      /\\ [31m| | __ ___   ____ _| (_)_ __ | | __[32m\ \ \ \
[32m     ( ( )[31m| |/ _` \ \ / / _` | | | '_ \| |/ /[32m \ \ \ \
[32m      \\/ [31m| | (_| |\ V / (_| | | | | | |   < [32m  ) ) ) )
[32m       '  [31m|_|\__,_| \_/ \__,_|_|_|_| |_|_|\_\[32m / / / /
[0m    =========================================[32m/_/_/_/[0m

	Version:        4.0.8
	Build time:     20.09.2024 20:20:10 UTC
	Branch          HEAD
	Commit:         2946608
	Commit time:    20.09.2024 20:17:58 UTC
	JVM:            23.0.1
	Lavaplayer      2.2.2

2025-01-27T00:25:45.752-08:00  INFO 87440 --- [Lavalink] [main] lavalink.server.Launcher                 : No active profile set, falling back to 1 default profile: "default"
2025-01-27T00:25:46.343-08:00  WARN 87440 --- [Lavalink] [main] io.undertow.websockets.jsr               : UT026010: Buffer pool was not set on WebSocketDeploymentInfo, the default pool will be used
2025-01-27T00:25:46.364-08:00  INFO 87440 --- [Lavalink] [main] io.undertow.servlet                      : Initializing Spring embedded WebApplicationContext
2025-01-27T00:25:46.365-08:00  INFO 87440 --- [Lavalink] [main] w.s.c.ServletWebServerApplicationContext : Root WebApplicationContext: initialization completed in 609 ms
2025-01-27T00:25:46.474-08:00  INFO 87440 --- [Lavalink] [main] c.s.d.l.tools.GarbageCollectionMonitor   : GC monitoring enabled, reporting results every 2 minutes.
2025-01-27T00:25:47.152-08:00  INFO 87440 --- [Lavalink] [main] l.server.config.KoeConfiguration         : OS: WINDOWS, Arch: X86_64
2025-01-27T00:25:47.152-08:00  INFO 87440 --- [Lavalink] [main] l.server.config.KoeConfiguration         : Enabling JDA-NAS
2025-01-27T00:25:47.155-08:00  INFO 87440 --- [Lavalink] [main] c.s.l.c.natives.NativeLibraryLoader      : Native library udpqueue: loading with filter null
2025-01-27T00:25:47.167-08:00  INFO 87440 --- [Lavalink] [main] c.s.l.c.natives.NativeLibraryLoader      : Native library udpqueue: successfully loaded.
2025-01-27T00:25:47.195-08:00  WARN 87440 --- [Lavalink] [main] l.server.config.SentryConfiguration      : Turning off sentry
2025-01-27T00:25:47.451-08:00  INFO 87440 --- [Lavalink] [main] io.undertow                              : starting server: Undertow - 2.3.13.Final
2025-01-27T00:25:47.460-08:00  INFO 87440 --- [Lavalink] [main] org.xnio                                 : XNIO version 3.8.8.Final
2025-01-27T00:25:47.467-08:00  INFO 87440 --- [Lavalink] [main] org.xnio.nio                             : XNIO NIO Implementation Version 3.8.8.Final
2025-01-27T00:25:47.577-08:00  INFO 87440 --- [Lavalink] [main] org.jboss.threads                        : JBoss Threads version 3.5.0.Final
2025-01-27T00:25:47.643-08:00  INFO 87440 --- [Lavalink] [main] o.s.b.w.e.undertow.UndertowWebServer     : Undertow started on port 2333 (http) with context path '/'
2025-01-27T00:25:47.647-08:00  INFO 87440 --- [Lavalink] [main] lavalink.server.Launcher                 : Started Launcher in 1.983 seconds (process running for 4.07)
2025-01-27T00:25:47.649-08:00  INFO 87440 --- [Lavalink] [main] lavalink.server.Launcher                 : Lavalink is ready to accept connections.
2025-01-27T00:26:50.323-08:00  INFO 91328 --- [Lavalink] [main] lavalink.server.Launcher                 : Starting Launcher v4.0.8 using Java 23.0.1 with PID 91328 (F:\coding_projects\Orpheus\bin\Debug\net9.0\LavaLink4Net\lavalink.jar started by amess in F:\coding_projects\Orpheus\bin\Debug\net9.0\LavaLink4Net)
2025-01-27T00:26:50.327-08:00  INFO 91328 --- [Lavalink] [main] lavalink.server.Launcher                 : No active profile set, falling back to 1 default profile: "default"
2025-01-27T00:26:51.312-08:00  INFO 91328 --- [Lavalink] [main] lavalink.server.Launcher                 : Started Launcher in 1.419 seconds (process running for 1.96)
2025-01-27T00:26:51.383-08:00  INFO 91328 --- [Lavalink] [main] lavalink.server.Launcher                 : 

[32m       .  [31m _                  _ _       _    [32m__ _ _
[32m      /\\ [31m| | __ ___   ____ _| (_)_ __ | | __[32m\ \ \ \
[32m     ( ( )[31m| |/ _` \ \ / / _` | | | '_ \| |/ /[32m \ \ \ \
[32m      \\/ [31m| | (_| |\ V / (_| | | | | | |   < [32m  ) ) ) )
[32m       '  [31m|_|\__,_| \_/ \__,_|_|_|_| |_|_|\_\[32m / / / /
[0m    =========================================[32m/_/_/_/[0m

	Version:        4.0.8
	Build time:     20.09.2024 20:20:10 UTC
	Branch          HEAD
	Commit:         2946608
	Commit time:    20.09.2024 20:17:58 UTC
	JVM:            23.0.1
	Lavaplayer      2.2.2

2025-01-27T00:26:51.395-08:00  INFO 91328 --- [Lavalink] [main] lavalink.server.Launcher                 : No active profile set, falling back to 1 default profile: "default"
2025-01-27T00:26:51.986-08:00  WARN 91328 --- [Lavalink] [main] io.undertow.websockets.jsr               : UT026010: Buffer pool was not set on WebSocketDeploymentInfo, the default pool will be used
2025-01-27T00:26:52.008-08:00  INFO 91328 --- [Lavalink] [main] io.undertow.servlet                      : Initializing Spring embedded WebApplicationContext
2025-01-27T00:26:52.008-08:00  INFO 91328 --- [Lavalink] [main] w.s.c.ServletWebServerApplicationContext : Root WebApplicationContext: initialization completed in 610 ms
2025-01-27T00:26:52.131-08:00  INFO 91328 --- [Lavalink] [main] c.s.d.l.tools.GarbageCollectionMonitor   : GC monitoring enabled, reporting results every 2 minutes.
2025-01-27T00:26:52.778-08:00  INFO 91328 --- [Lavalink] [main] l.server.config.KoeConfiguration         : OS: WINDOWS, Arch: X86_64
2025-01-27T00:26:52.779-08:00  INFO 91328 --- [Lavalink] [main] l.server.config.KoeConfiguration         : Enabling JDA-NAS
2025-01-27T00:26:52.782-08:00  INFO 91328 --- [Lavalink] [main] c.s.l.c.natives.NativeLibraryLoader      : Native library udpqueue: loading with filter null
2025-01-27T00:26:52.797-08:00  INFO 91328 --- [Lavalink] [main] c.s.l.c.natives.NativeLibraryLoader      : Native library udpqueue: successfully loaded.
2025-01-27T00:26:52.827-08:00  WARN 91328 --- [Lavalink] [main] l.server.config.SentryConfiguration      : Turning off sentry
2025-01-27T00:26:53.085-08:00  INFO 91328 --- [Lavalink] [main] io.undertow                              : starting server: Undertow - 2.3.13.Final
2025-01-27T00:26:53.093-08:00  INFO 91328 --- [Lavalink] [main] org.xnio                                 : XNIO version 3.8.8.Final
2025-01-27T00:26:53.100-08:00  INFO 91328 --- [Lavalink] [main] org.xnio.nio                             : XNIO NIO Implementation Version 3.8.8.Final
2025-01-27T00:26:53.197-08:00  INFO 91328 --- [Lavalink] [main] org.jboss.threads                        : JBoss Threads version 3.5.0.Final
2025-01-27T00:26:53.263-08:00  INFO 91328 --- [Lavalink] [main] o.s.b.w.e.undertow.UndertowWebServer     : Undertow started on port 2333 (http) with context path '/'
2025-01-27T00:26:53.267-08:00  INFO 91328 --- [Lavalink] [main] lavalink.server.Launcher                 : Started Launcher in 1.946 seconds (process running for 3.916)
2025-01-27T00:26:53.268-08:00  INFO 91328 --- [Lavalink] [main] lavalink.server.Launcher                 : Lavalink is ready to accept connections.
2025-01-27T00:34:32.090-08:00  INFO 83932 --- [Lavalink] [main] lavalink.server.Launcher                 : Starting Launcher v4.0.8 using Java 23.0.1 with PID 83932 (F:\coding_projects\Orpheus\bin\Debug\net9.0\LavaLink4Net\lavalink.jar started by amess in F:\coding_projects\Orpheus\bin\Debug\net9.0\LavaLink4Net)
2025-01-27T00:34:32.094-08:00  INFO 83932 --- [Lavalink] [main] lavalink.server.Launcher                 : No active profile set, falling back to 1 default profile: "default"
2025-01-27T00:34:33.090-08:00  INFO 83932 --- [Lavalink] [main] lavalink.server.Launcher                 : Started Launcher in 1.439 seconds (process running for 1.992)
2025-01-27T00:34:33.162-08:00  INFO 83932 --- [Lavalink] [main] lavalink.server.Launcher                 : 

[32m       .  [31m _                  _ _       _    [32m__ _ _
[32m      /\\ [31m| | __ ___   ____ _| (_)_ __ | | __[32m\ \ \ \
[32m     ( ( )[31m| |/ _` \ \ / / _` | | | '_ \| |/ /[32m \ \ \ \
[32m      \\/ [31m| | (_| |\ V / (_| | | | | | |   < [32m  ) ) ) )
[32m       '  [31m|_|\__,_| \_/ \__,_|_|_|_| |_|_|\_\[32m / / / /
[0m    =========================================[32m/_/_/_/[0m

	Version:        4.0.8
	Build time:     20.09.2024 20:20:10 UTC
	Branch          HEAD
	Commit:         2946608
	Commit time:    20.09.2024 20:17:58 UTC
	JVM:            23.0.1
	Lavaplayer      2.2.2

2025-01-27T00:34:33.175-08:00  INFO 83932 --- [Lavalink] [main] lavalink.server.Launcher                 : No active profile set, falling back to 1 default profile: "default"
2025-01-27T00:34:33.749-08:00  WARN 83932 --- [Lavalink] [main] io.undertow.websockets.jsr               : UT026010: Buffer pool was not set on WebSocketDeploymentInfo, the default pool will be used
2025-01-27T00:34:33.770-08:00  INFO 83932 --- [Lavalink] [main] io.undertow.servlet                      : Initializing Spring embedded WebApplicationContext
2025-01-27T00:34:33.771-08:00  INFO 83932 --- [Lavalink] [main] w.s.c.ServletWebServerApplicationContext : Root WebApplicationContext: initialization completed in 593 ms
2025-01-27T00:34:33.897-08:00  INFO 83932 --- [Lavalink] [main] c.s.d.l.tools.GarbageCollectionMonitor   : GC monitoring enabled, reporting results every 2 minutes.
2025-01-27T00:34:34.514-08:00  INFO 83932 --- [Lavalink] [main] l.server.config.KoeConfiguration         : OS: WINDOWS, Arch: X86_64
2025-01-27T00:34:34.514-08:00  INFO 83932 --- [Lavalink] [main] l.server.config.KoeConfiguration         : Enabling JDA-NAS
2025-01-27T00:34:34.517-08:00  INFO 83932 --- [Lavalink] [main] c.s.l.c.natives.NativeLibraryLoader      : Native library udpqueue: loading with filter null
2025-01-27T00:34:34.522-08:00  INFO 83932 --- [Lavalink] [main] c.s.l.c.natives.NativeLibraryLoader      : Native library udpqueue: successfully loaded.
2025-01-27T00:34:34.555-08:00  WARN 83932 --- [Lavalink] [main] l.server.config.SentryConfiguration      : Turning off sentry
2025-01-27T00:34:34.802-08:00  INFO 83932 --- [Lavalink] [main] io.undertow                              : starting server: Undertow - 2.3.13.Final
2025-01-27T00:34:34.810-08:00  INFO 83932 --- [Lavalink] [main] org.xnio                                 : XNIO version 3.8.8.Final
2025-01-27T00:34:34.818-08:00  INFO 83932 --- [Lavalink] [main] org.xnio.nio                             : XNIO NIO Implementation Version 3.8.8.Final
2025-01-27T00:34:34.922-08:00  INFO 83932 --- [Lavalink] [main] org.jboss.threads                        : JBoss Threads version 3.5.0.Final
2025-01-27T00:34:34.997-08:00  INFO 83932 --- [Lavalink] [main] o.s.b.w.e.undertow.UndertowWebServer     : Undertow started on port 2333 (http) with context path '/'
2025-01-27T00:34:35.002-08:00  INFO 83932 --- [Lavalink] [main] lavalink.server.Launcher                 : Started Launcher in 1.9 seconds (process running for 3.904)
2025-01-27T00:34:35.002-08:00  INFO 83932 --- [Lavalink] [main] lavalink.server.Launcher                 : Lavalink is ready to accept connections.
2025-01-27T00:42:06.978-08:00  INFO 83600 --- [Lavalink] [main] lavalink.server.Launcher                 : Starting Launcher v4.0.8 using Java 23.0.1 with PID 83600 (F:\coding_projects\Orpheus\bin\Debug\net9.0\LavaLink4Net\lavalink.jar started by amess in F:\coding_projects\Orpheus\bin\Debug\net9.0\LavaLink4Net)
2025-01-27T00:42:06.982-08:00  INFO 83600 --- [Lavalink] [main] lavalink.server.Launcher                 : No active profile set, falling back to 1 default profile: "default"
2025-01-27T00:42:08.102-08:00  INFO 83600 --- [Lavalink] [main] lavalink.server.Launcher                 : Started Launcher in 1.57 seconds (process running for 2.112)
2025-01-27T00:42:08.177-08:00  INFO 83600 --- [Lavalink] [main] lavalink.server.Launcher                 : 

[32m       .  [31m _                  _ _       _    [32m__ _ _
[32m      /\\ [31m| | __ ___   ____ _| (_)_ __ | | __[32m\ \ \ \
[32m     ( ( )[31m| |/ _` \ \ / / _` | | | '_ \| |/ /[32m \ \ \ \
[32m      \\/ [31m| | (_| |\ V / (_| | | | | | |   < [32m  ) ) ) )
[32m       '  [31m|_|\__,_| \_/ \__,_|_|_|_| |_|_|\_\[32m / / / /
[0m    =========================================[32m/_/_/_/[0m

	Version:        4.0.8
	Build time:     20.09.2024 20:20:10 UTC
	Branch          HEAD
	Commit:         2946608
	Commit time:    20.09.2024 20:17:58 UTC
	JVM:            23.0.1
	Lavaplayer      2.2.2

2025-01-27T00:42:08.191-08:00  INFO 83600 --- [Lavalink] [main] lavalink.server.Launcher                 : No active profile set, falling back to 1 default profile: "default"
2025-01-27T00:42:08.806-08:00  WARN 83600 --- [Lavalink] [main] io.undertow.websockets.jsr               : UT026010: Buffer pool was not set on WebSocketDeploymentInfo, the default pool will be used
2025-01-27T00:42:08.826-08:00  INFO 83600 --- [Lavalink] [main] io.undertow.servlet                      : Initializing Spring embedded WebApplicationContext
2025-01-27T00:42:08.826-08:00  INFO 83600 --- [Lavalink] [main] w.s.c.ServletWebServerApplicationContext : Root WebApplicationContext: initialization completed in 632 ms
2025-01-27T00:42:08.964-08:00  INFO 83600 --- [Lavalink] [main] c.s.d.l.tools.GarbageCollectionMonitor   : GC monitoring enabled, reporting results every 2 minutes.
2025-01-27T00:42:09.604-08:00  INFO 83600 --- [Lavalink] [main] l.server.config.KoeConfiguration         : OS: WINDOWS, Arch: X86_64
2025-01-27T00:42:09.604-08:00  INFO 83600 --- [Lavalink] [main] l.server.config.KoeConfiguration         : Enabling JDA-NAS
2025-01-27T00:42:09.607-08:00  INFO 83600 --- [Lavalink] [main] c.s.l.c.natives.NativeLibraryLoader      : Native library udpqueue: loading with filter null
2025-01-27T00:42:09.612-08:00  INFO 83600 --- [Lavalink] [main] c.s.l.c.natives.NativeLibraryLoader      : Native library udpqueue: successfully loaded.
2025-01-27T00:42:09.639-08:00  WARN 83600 --- [Lavalink] [main] l.server.config.SentryConfiguration      : Turning off sentry
2025-01-27T00:42:09.883-08:00  INFO 83600 --- [Lavalink] [main] io.undertow                              : starting server: Undertow - 2.3.13.Final
2025-01-27T00:42:09.892-08:00  INFO 83600 --- [Lavalink] [main] org.xnio                                 : XNIO version 3.8.8.Final
2025-01-27T00:42:09.899-08:00  INFO 83600 --- [Lavalink] [main] org.xnio.nio                             : XNIO NIO Implementation Version 3.8.8.Final
2025-01-27T00:42:09.998-08:00  INFO 83600 --- [Lavalink] [main] org.jboss.threads                        : JBoss Threads version 3.5.0.Final
2025-01-27T00:42:10.069-08:00  INFO 83600 --- [Lavalink] [main] o.s.b.w.e.undertow.UndertowWebServer     : Undertow started on port 2333 (http) with context path '/'
2025-01-27T00:42:10.074-08:00  INFO 83600 --- [Lavalink] [main] lavalink.server.Launcher                 : Started Launcher in 1.965 seconds (process running for 4.083)
2025-01-27T00:42:10.075-08:00  INFO 83600 --- [Lavalink] [main] lavalink.server.Launcher                 : Lavalink is ready to accept connections.
2025-01-27T00:58:25.383-08:00  INFO 66136 --- [Lavalink] [main] lavalink.server.Launcher                 : Starting Launcher v4.0.8 using Java 23.0.1 with PID 66136 (F:\coding_projects\Orpheus\bin\Debug\net9.0\LavaLink4Net\lavalink.jar started by amess in F:\coding_projects\Orpheus\bin\Debug\net9.0\LavaLink4Net)
2025-01-27T00:58:25.387-08:00  INFO 66136 --- [Lavalink] [main] lavalink.server.Launcher                 : No active profile set, falling back to 1 default profile: "default"
2025-01-27T00:58:26.395-08:00  INFO 66136 --- [Lavalink] [main] lavalink.server.Launcher                 : Started Launcher in 1.437 seconds (process running for 1.969)
2025-01-27T00:58:26.462-08:00  INFO 66136 --- [Lavalink] [main] lavalink.server.Launcher                 : 

[32m       .  [31m _                  _ _       _    [32m__ _ _
[32m      /\\ [31m| | __ ___   ____ _| (_)_ __ | | __[32m\ \ \ \
[32m     ( ( )[31m| |/ _` \ \ / / _` | | | '_ \| |/ /[32m \ \ \ \
[32m      \\/ [31m| | (_| |\ V / (_| | | | | | |   < [32m  ) ) ) )
[32m       '  [31m|_|\__,_| \_/ \__,_|_|_|_| |_|_|\_\[32m / / / /
[0m    =========================================[32m/_/_/_/[0m

	Version:        4.0.8
	Build time:     20.09.2024 20:20:10 UTC
	Branch          HEAD
	Commit:         2946608
	Commit time:    20.09.2024 20:17:58 UTC
	JVM:            23.0.1
	Lavaplayer      2.2.2

2025-01-27T00:58:26.474-08:00  INFO 66136 --- [Lavalink] [main] lavalink.server.Launcher                 : No active profile set, falling back to 1 default profile: "default"
2025-01-27T00:58:27.041-08:00  WARN 66136 --- [Lavalink] [main] io.undertow.websockets.jsr               : UT026010: Buffer pool was not set on WebSocketDeploymentInfo, the default pool will be used
2025-01-27T00:58:27.062-08:00  INFO 66136 --- [Lavalink] [main] io.undertow.servlet                      : Initializing Spring embedded WebApplicationContext
2025-01-27T00:58:27.062-08:00  INFO 66136 --- [Lavalink] [main] w.s.c.ServletWebServerApplicationContext : Root WebApplicationContext: initialization completed in 585 ms
2025-01-27T00:58:27.178-08:00  INFO 66136 --- [Lavalink] [main] c.s.d.l.tools.GarbageCollectionMonitor   : GC monitoring enabled, reporting results every 2 minutes.
2025-01-27T00:58:27.825-08:00  INFO 66136 --- [Lavalink] [main] l.server.config.KoeConfiguration         : OS: WINDOWS, Arch: X86_64
2025-01-27T00:58:27.827-08:00  INFO 66136 --- [Lavalink] [main] l.server.config.KoeConfiguration         : Enabling JDA-NAS
2025-01-27T00:58:27.830-08:00  INFO 66136 --- [Lavalink] [main] c.s.l.c.natives.NativeLibraryLoader      : Native library udpqueue: loading with filter null
2025-01-27T00:58:27.836-08:00  INFO 66136 --- [Lavalink] [main] c.s.l.c.natives.NativeLibraryLoader      : Native library udpqueue: successfully loaded.
2025-01-27T00:58:27.864-08:00  WARN 66136 --- [Lavalink] [main] l.server.config.SentryConfiguration      : Turning off sentry
2025-01-27T00:58:28.119-08:00  INFO 66136 --- [Lavalink] [main] io.undertow                              : starting server: Undertow - 2.3.13.Final
2025-01-27T00:58:28.126-08:00  INFO 66136 --- [Lavalink] [main] org.xnio                                 : XNIO version 3.8.8.Final
2025-01-27T00:58:28.134-08:00  INFO 66136 --- [Lavalink] [main] org.xnio.nio                             : XNIO NIO Implementation Version 3.8.8.Final
2025-01-27T00:58:28.216-08:00  INFO 66136 --- [Lavalink] [main] org.jboss.threads                        : JBoss Threads version 3.5.0.Final
2025-01-27T00:58:28.277-08:00  INFO 66136 --- [Lavalink] [main] o.s.b.w.e.undertow.UndertowWebServer     : Undertow started on port 2333 (http) with context path '/'
2025-01-27T00:58:28.282-08:00  INFO 66136 --- [Lavalink] [main] lavalink.server.Launcher                 : Started Launcher in 1.882 seconds (process running for 3.856)
2025-01-27T00:58:28.283-08:00  INFO 66136 --- [Lavalink] [main] lavalink.server.Launcher                 : Lavalink is ready to accept connections.
2025-01-27T00:59:30.753-08:00  INFO 76224 --- [Lavalink] [main] lavalink.server.Launcher                 : Starting Launcher v4.0.8 using Java 23.0.1 with PID 76224 (F:\coding_projects\Orpheus\bin\Debug\net9.0\LavaLink4Net\lavalink.jar started by amess in F:\coding_projects\Orpheus\bin\Debug\net9.0\LavaLink4Net)
2025-01-27T00:59:30.757-08:00  INFO 76224 --- [Lavalink] [main] lavalink.server.Launcher                 : No active profile set, falling back to 1 default profile: "default"
2025-01-27T00:59:31.841-08:00  INFO 76224 --- [Lavalink] [main] lavalink.server.Launcher                 : Started Launcher in 1.515 seconds (process running for 2.045)
2025-01-27T00:59:31.913-08:00  INFO 76224 --- [Lavalink] [main] lavalink.server.Launcher                 : 

[32m       .  [31m _                  _ _       _    [32m__ _ _
[32m      /\\ [31m| | __ ___   ____ _| (_)_ __ | | __[32m\ \ \ \
[32m     ( ( )[31m| |/ _` \ \ / / _` | | | '_ \| |/ /[32m \ \ \ \
[32m      \\/ [31m| | (_| |\ V / (_| | | | | | |   < [32m  ) ) ) )
[32m       '  [31m|_|\__,_| \_/ \__,_|_|_|_| |_|_|\_\[32m / / / /
[0m    =========================================[32m/_/_/_/[0m

	Version:        4.0.8
	Build time:     20.09.2024 20:20:10 UTC
	Branch          HEAD
	Commit:         2946608
	Commit time:    20.09.2024 20:17:58 UTC
	JVM:            23.0.1
	Lavaplayer      2.2.2

2025-01-27T00:59:31.925-08:00  INFO 76224 --- [Lavalink] [main] lavalink.server.Launcher                 : No active profile set, falling back to 1 default profile: "default"
2025-01-27T00:59:32.513-08:00  WARN 76224 --- [Lavalink] [main] io.undertow.websockets.jsr               : UT026010: Buffer pool was not set on WebSocketDeploymentInfo, the default pool will be used
2025-01-27T00:59:32.532-08:00  INFO 76224 --- [Lavalink] [main] io.undertow.servlet                      : Initializing Spring embedded WebApplicationContext
2025-01-27T00:59:32.532-08:00  INFO 76224 --- [Lavalink] [main] w.s.c.ServletWebServerApplicationContext : Root WebApplicationContext: initialization completed in 604 ms
2025-01-27T00:59:32.651-08:00  INFO 76224 --- [Lavalink] [main] c.s.d.l.tools.GarbageCollectionMonitor   : GC monitoring enabled, reporting results every 2 minutes.
2025-01-27T00:59:33.300-08:00  INFO 76224 --- [Lavalink] [main] l.server.config.KoeConfiguration         : OS: WINDOWS, Arch: X86_64
2025-01-27T00:59:33.300-08:00  INFO 76224 --- [Lavalink] [main] l.server.config.KoeConfiguration         : Enabling JDA-NAS
2025-01-27T00:59:33.303-08:00  INFO 76224 --- [Lavalink] [main] c.s.l.c.natives.NativeLibraryLoader      : Native library udpqueue: loading with filter null
2025-01-27T00:59:33.317-08:00  INFO 76224 --- [Lavalink] [main] c.s.l.c.natives.NativeLibraryLoader      : Native library udpqueue: successfully loaded.
2025-01-27T00:59:33.348-08:00  WARN 76224 --- [Lavalink] [main] l.server.config.SentryConfiguration      : Turning off sentry
2025-01-27T00:59:33.617-08:00  INFO 76224 --- [Lavalink] [main] io.undertow                              : starting server: Undertow - 2.3.13.Final
2025-01-27T00:59:33.625-08:00  INFO 76224 --- [Lavalink] [main] org.xnio                                 : XNIO version 3.8.8.Final
2025-01-27T00:59:33.632-08:00  INFO 76224 --- [Lavalink] [main] org.xnio.nio                             : XNIO NIO Implementation Version 3.8.8.Final
2025-01-27T00:59:33.724-08:00  INFO 76224 --- [Lavalink] [main] org.jboss.threads                        : JBoss Threads version 3.5.0.Final
2025-01-27T00:59:33.793-08:00  INFO 76224 --- [Lavalink] [main] io.undertow                              : stopping server: Undertow - 2.3.13.Final
2025-01-27T00:59:33.795-08:00  WARN 76224 --- [Lavalink] [main] ConfigServletWebServerApplicationContext : Exception encountered during context initialization - cancelling refresh attempt: org.springframework.context.ApplicationContextException: Failed to start bean 'webServerStartStop'
2025-01-27T00:59:33.795-08:00  INFO 76224 --- [Lavalink] [main] c.s.d.l.tools.GarbageCollectionMonitor   : GC monitoring disabled.
2025-01-27T00:59:33.799-08:00 ERROR 76224 --- [Lavalink] [main] lavalink.server.Launcher                 : Application failed

org.springframework.context.ApplicationContextException: Failed to start bean 'webServerStartStop'
	at org.springframework.context.support.DefaultLifecycleProcessor.doStart(DefaultLifecycleProcessor.java:288) ~[spring-context-6.1.9.jar!/:6.1.9]
	at org.springframework.context.support.DefaultLifecycleProcessor$LifecycleGroup.start(DefaultLifecycleProcessor.java:469) ~[spring-context-6.1.9.jar!/:6.1.9]
	at java.base/java.lang.Iterable.forEach(Iterable.java:75) ~[na:na]
	at org.springframework.context.support.DefaultLifecycleProcessor.startBeans(DefaultLifecycleProcessor.java:257) ~[spring-context-6.1.9.jar!/:6.1.9]
	at org.springframework.context.support.DefaultLifecycleProcessor.onRefresh(DefaultLifecycleProcessor.java:202) ~[spring-context-6.1.9.jar!/:6.1.9]
	at org.springframework.context.support.AbstractApplicationContext.finishRefresh(AbstractApplicationContext.java:981) ~[spring-context-6.1.9.jar!/:6.1.9]
	at org.springframework.context.support.AbstractApplicationContext.refresh(AbstractApplicationContext.java:627) ~[spring-context-6.1.9.jar!/:6.1.9]
	at org.springframework.boot.web.servlet.context.ServletWebServerApplicationContext.refresh(ServletWebServerApplicationContext.java:146) ~[spring-boot-3.3.0.jar!/:3.3.0]
	at org.springframework.boot.SpringApplication.refresh(SpringApplication.java:754) ~[spring-boot-3.3.0.jar!/:3.3.0]
	at org.springframework.boot.SpringApplication.refreshContext(SpringApplication.java:456) ~[spring-boot-3.3.0.jar!/:3.3.0]
	at org.springframework.boot.SpringApplication.run(SpringApplication.java:335) ~[spring-boot-3.3.0.jar!/:3.3.0]
	at org.springframework.boot.builder.SpringApplicationBuilder.run(SpringApplicationBuilder.java:149) ~[spring-boot-3.3.0.jar!/:3.3.0]
	at lavalink.server.Launcher.launchMain(Launcher.kt:164) ~[classes!/:4.0.8]
	at lavalink.server.Launcher.main(Launcher.kt:126) ~[classes!/:4.0.8]
	at java.base/jdk.internal.reflect.DirectMethodHandleAccessor.invoke(DirectMethodHandleAccessor.java:103) ~[na:na]
	at java.base/java.lang.reflect.Method.invoke(Method.java:580) ~[na:na]
	at org.springframework.boot.loader.MainMethodRunner.run(MainMethodRunner.java:49) ~[lavalink.jar:4.0.8]
	at org.springframework.boot.loader.Launcher.launch(Launcher.java:95) ~[lavalink.jar:4.0.8]
	at org.springframework.boot.loader.Launcher.launch(Launcher.java:58) ~[lavalink.jar:4.0.8]
	at org.springframework.boot.loader.JarLauncher.main(JarLauncher.java:65) ~[lavalink.jar:4.0.8]
Caused by: org.springframework.boot.web.server.PortInUseException: Port 2333 is already in use
	at org.springframework.boot.web.embedded.undertow.UndertowWebServer.lambda$start$0(UndertowWebServer.java:129) ~[spring-boot-3.3.0.jar!/:3.3.0]
	at org.springframework.boot.web.server.PortInUseException.lambda$ifPortBindingException$1(PortInUseException.java:85) ~[spring-boot-3.3.0.jar!/:3.3.0]
	at org.springframework.boot.web.server.PortInUseException.ifCausedBy(PortInUseException.java:103) ~[spring-boot-3.3.0.jar!/:3.3.0]
	at org.springframework.boot.web.server.PortInUseException.ifPortBindingException(PortInUseException.java:82) ~[spring-boot-3.3.0.jar!/:3.3.0]
	at org.springframework.boot.web.embedded.undertow.UndertowWebServer.start(UndertowWebServer.java:125) ~[spring-boot-3.3.0.jar!/:3.3.0]
	at org.springframework.boot.web.servlet.context.WebServerStartStopLifecycle.start(WebServerStartStopLifecycle.java:44) ~[spring-boot-3.3.0.jar!/:3.3.0]
	at org.springframework.context.support.DefaultLifecycleProcessor.doStart(DefaultLifecycleProcessor.java:285) ~[spring-context-6.1.9.jar!/:6.1.9]
	... 19 common frames omitted

2025-01-27T00:59:33.803-08:00  INFO 76224 --- [Lavalink] [main] .s.b.a.l.ConditionEvaluationReportLogger : 

Error starting ApplicationContext. To display the condition evaluation report re-run your application with 'debug' enabled.
2025-01-27T00:59:33.823-08:00 ERROR 76224 --- [Lavalink] [main] o.s.b.d.LoggingFailureAnalysisReporter   : 

***************************
APPLICATION FAILED TO START
***************************

Description:

Web server failed to start. Port 2333 was already in use.

Action:

Identify and stop the process that's listening on port 2333 or configure this application to listen on another port.

2025-01-27T01:00:48.640-08:00  INFO 90860 --- [Lavalink] [main] lavalink.server.Launcher                 : Starting Launcher v4.0.8 using Java 23.0.1 with PID 90860 (F:\coding_projects\Orpheus\bin\Debug\net9.0\LavaLink4Net\lavalink.jar started by amess in F:\coding_projects\Orpheus\bin\Debug\net9.0\LavaLink4Net)
2025-01-27T01:00:48.645-08:00  INFO 90860 --- [Lavalink] [main] lavalink.server.Launcher                 : No active profile set, falling back to 1 default profile: "default"
2025-01-27T01:00:49.672-08:00  INFO 90860 --- [Lavalink] [main] lavalink.server.Launcher                 : Started Launcher in 1.457 seconds (process running for 1.992)
2025-01-27T01:00:49.744-08:00  INFO 90860 --- [Lavalink] [main] lavalink.server.Launcher                 : 

[32m       .  [31m _                  _ _       _    [32m__ _ _
[32m      /\\ [31m| | __ ___   ____ _| (_)_ __ | | __[32m\ \ \ \
[32m     ( ( )[31m| |/ _` \ \ / / _` | | | '_ \| |/ /[32m \ \ \ \
[32m      \\/ [31m| | (_| |\ V / (_| | | | | | |   < [32m  ) ) ) )
[32m       '  [31m|_|\__,_| \_/ \__,_|_|_|_| |_|_|\_\[32m / / / /
[0m    =========================================[32m/_/_/_/[0m

	Version:        4.0.8
	Build time:     20.09.2024 20:20:10 UTC
	Branch          HEAD
	Commit:         2946608
	Commit time:    20.09.2024 20:17:58 UTC
	JVM:            23.0.1
	Lavaplayer      2.2.2

2025-01-27T01:00:49.757-08:00  INFO 90860 --- [Lavalink] [main] lavalink.server.Launcher                 : No active profile set, falling back to 1 default profile: "default"
2025-01-27T01:00:50.373-08:00  WARN 90860 --- [Lavalink] [main] io.undertow.websockets.jsr               : UT026010: Buffer pool was not set on WebSocketDeploymentInfo, the default pool will be used
2025-01-27T01:00:50.393-08:00  INFO 90860 --- [Lavalink] [main] io.undertow.servlet                      : Initializing Spring embedded WebApplicationContext
2025-01-27T01:00:50.394-08:00  INFO 90860 --- [Lavalink] [main] w.s.c.ServletWebServerApplicationContext : Root WebApplicationContext: initialization completed in 634 ms
2025-01-27T01:00:50.522-08:00  INFO 90860 --- [Lavalink] [main] c.s.d.l.tools.GarbageCollectionMonitor   : GC monitoring enabled, reporting results every 2 minutes.
2025-01-27T01:00:51.169-08:00  INFO 90860 --- [Lavalink] [main] l.server.config.KoeConfiguration         : OS: WINDOWS, Arch: X86_64
2025-01-27T01:00:51.169-08:00  INFO 90860 --- [Lavalink] [main] l.server.config.KoeConfiguration         : Enabling JDA-NAS
2025-01-27T01:00:51.171-08:00  INFO 90860 --- [Lavalink] [main] c.s.l.c.natives.NativeLibraryLoader      : Native library udpqueue: loading with filter null
2025-01-27T01:00:51.184-08:00  INFO 90860 --- [Lavalink] [main] c.s.l.c.natives.NativeLibraryLoader      : Native library udpqueue: successfully loaded.
2025-01-27T01:00:51.214-08:00  WARN 90860 --- [Lavalink] [main] l.server.config.SentryConfiguration      : Turning off sentry
2025-01-27T01:00:51.476-08:00  INFO 90860 --- [Lavalink] [main] io.undertow                              : starting server: Undertow - 2.3.13.Final
2025-01-27T01:00:51.485-08:00  INFO 90860 --- [Lavalink] [main] org.xnio                                 : XNIO version 3.8.8.Final
2025-01-27T01:00:51.492-08:00  INFO 90860 --- [Lavalink] [main] org.xnio.nio                             : XNIO NIO Implementation Version 3.8.8.Final
2025-01-27T01:00:51.588-08:00  INFO 90860 --- [Lavalink] [main] org.jboss.threads                        : JBoss Threads version 3.5.0.Final
2025-01-27T01:00:51.654-08:00  INFO 90860 --- [Lavalink] [main] o.s.b.w.e.undertow.UndertowWebServer     : Undertow started on port 2333 (http) with context path '/'
2025-01-27T01:00:51.658-08:00  INFO 90860 --- [Lavalink] [main] lavalink.server.Launcher                 : Started Launcher in 1.98 seconds (process running for 3.979)
2025-01-27T01:00:51.660-08:00  INFO 90860 --- [Lavalink] [main] lavalink.server.Launcher                 : Lavalink is ready to accept connections.
2025-01-27T01:02:26.511-08:00  INFO 74288 --- [Lavalink] [main] lavalink.server.Launcher                 : Starting Launcher v4.0.8 using Java 23.0.1 with PID 74288 (F:\coding_projects\Orpheus\bin\Debug\net9.0\LavaLink4Net\lavalink.jar started by amess in F:\coding_projects\Orpheus\bin\Debug\net9.0\LavaLink4Net)
2025-01-27T01:02:26.515-08:00  INFO 74288 --- [Lavalink] [main] lavalink.server.Launcher                 : No active profile set, falling back to 1 default profile: "default"
2025-01-27T01:02:27.548-08:00  INFO 74288 --- [Lavalink] [main] lavalink.server.Launcher                 : Started Launcher in 1.456 seconds (process running for 1.965)
2025-01-27T01:02:27.626-08:00  INFO 74288 --- [Lavalink] [main] lavalink.server.Launcher                 : 

[32m       .  [31m _                  _ _       _    [32m__ _ _
[32m      /\\ [31m| | __ ___   ____ _| (_)_ __ | | __[32m\ \ \ \
[32m     ( ( )[31m| |/ _` \ \ / / _` | | | '_ \| |/ /[32m \ \ \ \
[32m      \\/ [31m| | (_| |\ V / (_| | | | | | |   < [32m  ) ) ) )
[32m       '  [31m|_|\__,_| \_/ \__,_|_|_|_| |_|_|\_\[32m / / / /
[0m    =========================================[32m/_/_/_/[0m

	Version:        4.0.8
	Build time:     20.09.2024 20:20:10 UTC
	Branch          HEAD
	Commit:         2946608
	Commit time:    20.09.2024 20:17:58 UTC
	JVM:            23.0.1
	Lavaplayer      2.2.2

2025-01-27T01:02:27.642-08:00  INFO 74288 --- [Lavalink] [main] lavalink.server.Launcher                 : No active profile set, falling back to 1 default profile: "default"
2025-01-27T01:02:28.223-08:00  WARN 74288 --- [Lavalink] [main] io.undertow.websockets.jsr               : UT026010: Buffer pool was not set on WebSocketDeploymentInfo, the default pool will be used
2025-01-27T01:02:28.242-08:00  INFO 74288 --- [Lavalink] [main] io.undertow.servlet                      : Initializing Spring embedded WebApplicationContext
2025-01-27T01:02:28.243-08:00  INFO 74288 --- [Lavalink] [main] w.s.c.ServletWebServerApplicationContext : Root WebApplicationContext: initialization completed in 595 ms
2025-01-27T01:02:28.362-08:00  INFO 74288 --- [Lavalink] [main] c.s.d.l.tools.GarbageCollectionMonitor   : GC monitoring enabled, reporting results every 2 minutes.
2025-01-27T01:02:29.072-08:00  INFO 74288 --- [Lavalink] [main] l.server.config.KoeConfiguration         : OS: WINDOWS, Arch: X86_64
2025-01-27T01:02:29.072-08:00  INFO 74288 --- [Lavalink] [main] l.server.config.KoeConfiguration         : Enabling JDA-NAS
2025-01-27T01:02:29.075-08:00  INFO 74288 --- [Lavalink] [main] c.s.l.c.natives.NativeLibraryLoader      : Native library udpqueue: loading with filter null
2025-01-27T01:02:29.091-08:00  INFO 74288 --- [Lavalink] [main] c.s.l.c.natives.NativeLibraryLoader      : Native library udpqueue: successfully loaded.
2025-01-27T01:02:29.121-08:00  WARN 74288 --- [Lavalink] [main] l.server.config.SentryConfiguration      : Turning off sentry
2025-01-27T01:02:29.383-08:00  INFO 74288 --- [Lavalink] [main] io.undertow                              : starting server: Undertow - 2.3.13.Final
2025-01-27T01:02:29.390-08:00  INFO 74288 --- [Lavalink] [main] org.xnio                                 : XNIO version 3.8.8.Final
2025-01-27T01:02:29.398-08:00  INFO 74288 --- [Lavalink] [main] org.xnio.nio                             : XNIO NIO Implementation Version 3.8.8.Final
2025-01-27T01:02:29.492-08:00  INFO 74288 --- [Lavalink] [main] org.jboss.threads                        : JBoss Threads version 3.5.0.Final
2025-01-27T01:02:29.565-08:00  INFO 74288 --- [Lavalink] [main] o.s.b.w.e.undertow.UndertowWebServer     : Undertow started on port 2333 (http) with context path '/'
2025-01-27T01:02:29.569-08:00  INFO 74288 --- [Lavalink] [main] lavalink.server.Launcher                 : Started Launcher in 2.011 seconds (process running for 3.987)
2025-01-27T01:02:29.571-08:00  INFO 74288 --- [Lavalink] [main] lavalink.server.Launcher                 : Lavalink is ready to accept connections.
2025-01-27T01:02:53.590-08:00  INFO 85252 --- [Lavalink] [main] lavalink.server.Launcher                 : Starting Launcher v4.0.8 using Java 23.0.1 with PID 85252 (F:\coding_projects\Orpheus\bin\Debug\net9.0\LavaLink4Net\lavalink.jar started by amess in F:\coding_projects\Orpheus\bin\Debug\net9.0\LavaLink4Net)
2025-01-27T01:02:53.595-08:00  INFO 85252 --- [Lavalink] [main] lavalink.server.Launcher                 : No active profile set, falling back to 1 default profile: "default"
2025-01-27T01:02:54.674-08:00  INFO 85252 --- [Lavalink] [main] lavalink.server.Launcher                 : Started Launcher in 1.525 seconds (process running for 2.058)
2025-01-27T01:02:54.734-08:00  INFO 85252 --- [Lavalink] [main] lavalink.server.Launcher                 : 

[32m       .  [31m _                  _ _       _    [32m__ _ _
[32m      /\\ [31m| | __ ___   ____ _| (_)_ __ | | __[32m\ \ \ \
[32m     ( ( )[31m| |/ _` \ \ / / _` | | | '_ \| |/ /[32m \ \ \ \
[32m      \\/ [31m| | (_| |\ V / (_| | | | | | |   < [32m  ) ) ) )
[32m       '  [31m|_|\__,_| \_/ \__,_|_|_|_| |_|_|\_\[32m / / / /
[0m    =========================================[32m/_/_/_/[0m

	Version:        4.0.8
	Build time:     20.09.2024 20:20:10 UTC
	Branch          HEAD
	Commit:         2946608
	Commit time:    20.09.2024 20:17:58 UTC
	JVM:            23.0.1
	Lavaplayer      2.2.2

2025-01-27T01:02:54.744-08:00  INFO 85252 --- [Lavalink] [main] lavalink.server.Launcher                 : No active profile set, falling back to 1 default profile: "default"
2025-01-27T01:02:55.346-08:00  WARN 85252 --- [Lavalink] [main] io.undertow.websockets.jsr               : UT026010: Buffer pool was not set on WebSocketDeploymentInfo, the default pool will be used
2025-01-27T01:02:55.364-08:00  INFO 85252 --- [Lavalink] [main] io.undertow.servlet                      : Initializing Spring embedded WebApplicationContext
2025-01-27T01:02:55.365-08:00  INFO 85252 --- [Lavalink] [main] w.s.c.ServletWebServerApplicationContext : Root WebApplicationContext: initialization completed in 617 ms
2025-01-27T01:02:55.491-08:00  INFO 85252 --- [Lavalink] [main] c.s.d.l.tools.GarbageCollectionMonitor   : GC monitoring enabled, reporting results every 2 minutes.
2025-01-27T01:02:56.134-08:00  INFO 85252 --- [Lavalink] [main] l.server.config.KoeConfiguration         : OS: WINDOWS, Arch: X86_64
2025-01-27T01:02:56.135-08:00  INFO 85252 --- [Lavalink] [main] l.server.config.KoeConfiguration         : Enabling JDA-NAS
2025-01-27T01:02:56.137-08:00  INFO 85252 --- [Lavalink] [main] c.s.l.c.natives.NativeLibraryLoader      : Native library udpqueue: loading with filter null
2025-01-27T01:02:56.149-08:00  INFO 85252 --- [Lavalink] [main] c.s.l.c.natives.NativeLibraryLoader      : Native library udpqueue: successfully loaded.
2025-01-27T01:02:56.178-08:00  WARN 85252 --- [Lavalink] [main] l.server.config.SentryConfiguration      : Turning off sentry
2025-01-27T01:02:56.431-08:00  INFO 85252 --- [Lavalink] [main] io.undertow                              : starting server: Undertow - 2.3.13.Final
2025-01-27T01:02:56.439-08:00  INFO 85252 --- [Lavalink] [main] org.xnio                                 : XNIO version 3.8.8.Final
2025-01-27T01:02:56.445-08:00  INFO 85252 --- [Lavalink] [main] org.xnio.nio                             : XNIO NIO Implementation Version 3.8.8.Final
2025-01-27T01:02:56.542-08:00  INFO 85252 --- [Lavalink] [main] org.jboss.threads                        : JBoss Threads version 3.5.0.Final
2025-01-27T01:02:56.611-08:00  INFO 85252 --- [Lavalink] [main] o.s.b.w.e.undertow.UndertowWebServer     : Undertow started on port 2333 (http) with context path '/'
2025-01-27T01:02:56.615-08:00  INFO 85252 --- [Lavalink] [main] lavalink.server.Launcher                 : Started Launcher in 1.935 seconds (process running for 4.0)
2025-01-27T01:02:56.617-08:00  INFO 85252 --- [Lavalink] [main] lavalink.server.Launcher                 : Lavalink is ready to accept connections.
2025-01-27T09:40:13.844-08:00  INFO 67972 --- [Lavalink] [main] lavalink.server.Launcher                 : Starting Launcher v4.0.8 using Java 23.0.1 with PID 67972 (F:\coding_projects\Orpheus\bin\Debug\net9.0\LavaLink4Net\lavalink.jar started by amess in F:\coding_projects\Orpheus\bin\Debug\net9.0\LavaLink4Net)
2025-01-27T09:40:13.849-08:00  INFO 67972 --- [Lavalink] [main] lavalink.server.Launcher                 : No active profile set, falling back to 1 default profile: "default"
2025-01-27T09:40:14.918-08:00  INFO 67972 --- [Lavalink] [main] lavalink.server.Launcher                 : Started Launcher in 1.532 seconds (process running for 2.076)
2025-01-27T09:40:14.990-08:00  INFO 67972 --- [Lavalink] [main] lavalink.server.Launcher                 : 

[32m       .  [31m _                  _ _       _    [32m__ _ _
[32m      /\\ [31m| | __ ___   ____ _| (_)_ __ | | __[32m\ \ \ \
[32m     ( ( )[31m| |/ _` \ \ / / _` | | | '_ \| |/ /[32m \ \ \ \
[32m      \\/ [31m| | (_| |\ V / (_| | | | | | |   < [32m  ) ) ) )
[32m       '  [31m|_|\__,_| \_/ \__,_|_|_|_| |_|_|\_\[32m / / / /
[0m    =========================================[32m/_/_/_/[0m

	Version:        4.0.8
	Build time:     20.09.2024 20:20:10 UTC
	Branch          HEAD
	Commit:         2946608
	Commit time:    20.09.2024 20:17:58 UTC
	JVM:            23.0.1
	Lavaplayer      2.2.2

2025-01-27T09:40:15.004-08:00  INFO 67972 --- [Lavalink] [main] lavalink.server.Launcher                 : No active profile set, falling back to 1 default profile: "default"
2025-01-27T09:40:15.645-08:00  WARN 67972 --- [Lavalink] [main] io.undertow.websockets.jsr               : UT026010: Buffer pool was not set on WebSocketDeploymentInfo, the default pool will be used
2025-01-27T09:40:15.663-08:00  INFO 67972 --- [Lavalink] [main] io.undertow.servlet                      : Initializing Spring embedded WebApplicationContext
2025-01-27T09:40:15.664-08:00  INFO 67972 --- [Lavalink] [main] w.s.c.ServletWebServerApplicationContext : Root WebApplicationContext: initialization completed in 657 ms
2025-01-27T09:40:15.780-08:00  INFO 67972 --- [Lavalink] [main] c.s.d.l.tools.GarbageCollectionMonitor   : GC monitoring enabled, reporting results every 2 minutes.
2025-01-27T09:40:16.505-08:00  INFO 67972 --- [Lavalink] [main] l.server.config.KoeConfiguration         : OS: WINDOWS, Arch: X86_64
2025-01-27T09:40:16.506-08:00  INFO 67972 --- [Lavalink] [main] l.server.config.KoeConfiguration         : Enabling JDA-NAS
2025-01-27T09:40:16.509-08:00  INFO 67972 --- [Lavalink] [main] c.s.l.c.natives.NativeLibraryLoader      : Native library udpqueue: loading with filter null
2025-01-27T09:40:16.513-08:00  INFO 67972 --- [Lavalink] [main] c.s.l.c.natives.NativeLibraryLoader      : Native library udpqueue: successfully loaded.
2025-01-27T09:40:16.539-08:00  WARN 67972 --- [Lavalink] [main] l.server.config.SentryConfiguration      : Turning off sentry
2025-01-27T09:40:16.824-08:00  INFO 67972 --- [Lavalink] [main] io.undertow                              : starting server: Undertow - 2.3.13.Final
2025-01-27T09:40:16.849-08:00  INFO 67972 --- [Lavalink] [main] org.xnio                                 : XNIO version 3.8.8.Final
2025-01-27T09:40:16.858-08:00  INFO 67972 --- [Lavalink] [main] org.xnio.nio                             : XNIO NIO Implementation Version 3.8.8.Final
2025-01-27T09:40:16.980-08:00  INFO 67972 --- [Lavalink] [main] org.jboss.threads                        : JBoss Threads version 3.5.0.Final
2025-01-27T09:40:17.057-08:00  INFO 67972 --- [Lavalink] [main] o.s.b.w.e.undertow.UndertowWebServer     : Undertow started on port 2333 (http) with context path '/'
2025-01-27T09:40:17.062-08:00  INFO 67972 --- [Lavalink] [main] lavalink.server.Launcher                 : Started Launcher in 2.137 seconds (process running for 4.22)
2025-01-27T09:40:17.063-08:00  INFO 67972 --- [Lavalink] [main] lavalink.server.Launcher                 : Lavalink is ready to accept connections.
2025-01-27T09:41:29.987-08:00  INFO 86536 --- [Lavalink] [main] lavalink.server.Launcher                 : Starting Launcher v4.0.8 using Java 23.0.1 with PID 86536 (F:\coding_projects\Orpheus\bin\Debug\net9.0\LavaLink4Net\lavalink.jar started by amess in F:\coding_projects\Orpheus\bin\Debug\net9.0\LavaLink4Net)
2025-01-27T09:41:29.992-08:00  INFO 86536 --- [Lavalink] [main] lavalink.server.Launcher                 : No active profile set, falling back to 1 default profile: "default"
2025-01-27T09:41:31.030-08:00  INFO 86536 --- [Lavalink] [main] lavalink.server.Launcher                 : Started Launcher in 1.471 seconds (process running for 2.001)
2025-01-27T09:41:31.101-08:00  INFO 86536 --- [Lavalink] [main] lavalink.server.Launcher                 : 

[32m       .  [31m _                  _ _       _    [32m__ _ _
[32m      /\\ [31m| | __ ___   ____ _| (_)_ __ | | __[32m\ \ \ \
[32m     ( ( )[31m| |/ _` \ \ / / _` | | | '_ \| |/ /[32m \ \ \ \
[32m      \\/ [31m| | (_| |\ V / (_| | | | | | |   < [32m  ) ) ) )
[32m       '  [31m|_|\__,_| \_/ \__,_|_|_|_| |_|_|\_\[32m / / / /
[0m    =========================================[32m/_/_/_/[0m

	Version:        4.0.8
	Build time:     20.09.2024 20:20:10 UTC
	Branch          HEAD
	Commit:         2946608
	Commit time:    20.09.2024 20:17:58 UTC
	JVM:            23.0.1
	Lavaplayer      2.2.2

2025-01-27T09:41:31.112-08:00  INFO 86536 --- [Lavalink] [main] lavalink.server.Launcher                 : No active profile set, falling back to 1 default profile: "default"
2025-01-27T09:41:31.705-08:00  WARN 86536 --- [Lavalink] [main] io.undertow.websockets.jsr               : UT026010: Buffer pool was not set on WebSocketDeploymentInfo, the default pool will be used
2025-01-27T09:41:31.725-08:00  INFO 86536 --- [Lavalink] [main] io.undertow.servlet                      : Initializing Spring embedded WebApplicationContext
2025-01-27T09:41:31.726-08:00  INFO 86536 --- [Lavalink] [main] w.s.c.ServletWebServerApplicationContext : Root WebApplicationContext: initialization completed in 611 ms
2025-01-27T09:41:31.836-08:00  INFO 86536 --- [Lavalink] [main] c.s.d.l.tools.GarbageCollectionMonitor   : GC monitoring enabled, reporting results every 2 minutes.
2025-01-27T09:41:32.465-08:00  INFO 86536 --- [Lavalink] [main] l.server.config.KoeConfiguration         : OS: WINDOWS, Arch: X86_64
2025-01-27T09:41:32.465-08:00  INFO 86536 --- [Lavalink] [main] l.server.config.KoeConfiguration         : Enabling JDA-NAS
2025-01-27T09:41:32.468-08:00  INFO 86536 --- [Lavalink] [main] c.s.l.c.natives.NativeLibraryLoader      : Native library udpqueue: loading with filter null
2025-01-27T09:41:32.481-08:00  INFO 86536 --- [Lavalink] [main] c.s.l.c.natives.NativeLibraryLoader      : Native library udpqueue: successfully loaded.
2025-01-27T09:41:32.512-08:00  WARN 86536 --- [Lavalink] [main] l.server.config.SentryConfiguration      : Turning off sentry
2025-01-27T09:41:32.768-08:00  INFO 86536 --- [Lavalink] [main] io.undertow                              : starting server: Undertow - 2.3.13.Final
2025-01-27T09:41:32.776-08:00  INFO 86536 --- [Lavalink] [main] org.xnio                                 : XNIO version 3.8.8.Final
2025-01-27T09:41:32.784-08:00  INFO 86536 --- [Lavalink] [main] org.xnio.nio                             : XNIO NIO Implementation Version 3.8.8.Final
2025-01-27T09:41:32.878-08:00  INFO 86536 --- [Lavalink] [main] org.jboss.threads                        : JBoss Threads version 3.5.0.Final
2025-01-27T09:41:32.953-08:00  INFO 86536 --- [Lavalink] [main] o.s.b.w.e.undertow.UndertowWebServer     : Undertow started on port 2333 (http) with context path '/'
2025-01-27T09:41:32.957-08:00  INFO 86536 --- [Lavalink] [main] lavalink.server.Launcher                 : Started Launcher in 1.92 seconds (process running for 3.927)
2025-01-27T09:41:32.958-08:00  INFO 86536 --- [Lavalink] [main] lavalink.server.Launcher                 : Lavalink is ready to accept connections.
